2024-01-12 11:03:48 PM: INFO - Fetch ISS data
2024-01-12 11:03:49 PM: INFO - Time taken by get_data_from_api: 0.7310960292816162 seconds
2024-01-12 11:03:49 PM: INFO - Reverse Geolocate Lat/Long
2024-01-12 11:03:50 PM: INFO - Time taken by get_data_from_api: 1.1264259815216064 seconds
2024-01-12 11:03:50 PM: INFO - Update ISS data Record
2024-01-12 11:04:34 PM: INFO - Fetch ISS data
2024-01-12 11:04:34 PM: INFO - Time taken by get_data_from_api: 0.4797849655151367 seconds
2024-01-12 11:04:34 PM: INFO - Reverse Geolocate Lat/Long
2024-01-12 11:04:35 PM: INFO - Time taken by get_data_from_api: 0.8783242702484131 seconds
2024-01-12 11:04:35 PM: INFO - Update ISS data Record
2024-01-12 11:05:13 PM: INFO - Fetch ISS data
2024-01-12 11:05:14 PM: INFO - Time taken by get_data_from_api: 0.3945438861846924 seconds
2024-01-12 11:05:14 PM: INFO - Reverse Geolocate Lat/Long
2024-01-12 11:05:14 PM: INFO - Time taken by get_data_from_api: 0.8054678440093994 seconds
2024-01-12 11:05:14 PM: INFO - Update ISS data Record
2024-01-12 11:57:21 PM: INFO - Fetch ISS data
2024-01-12 11:57:21 PM: INFO - Time taken by get_data_from_api: 0.4400959014892578 seconds
2024-01-12 11:57:21 PM: INFO - Conver UNIX timestamp to date
2024-01-12 11:57:21 PM: INFO - Reverse Geolocate Lat/Long
2024-01-12 11:57:23 PM: INFO - Time taken by get_data_from_api: 1.0322837829589844 seconds
2024-01-12 11:57:23 PM: INFO - Update ISS data Record
2024-01-13 12:19:37 AM: INFO - Fetch ISS data
2024-01-13 12:19:37 AM: INFO - Time taken by get_data_from_api: 0.4462409019470215 seconds
2024-01-13 12:19:37 AM: INFO - Conver UNIX timestamp to date
2024-01-13 12:19:37 AM: INFO - Reverse Geolocate Lat/Long
2024-01-13 12:19:38 AM: INFO - Time taken by get_data_from_api: 0.8732936382293701 seconds
2024-01-13 12:19:38 AM: INFO - Update ISS data Record
2024-01-13 12:24:34 AM: INFO - Fetch ISS data
2024-01-13 12:24:34 AM: INFO - Time taken by get_data_from_api: 0.41811108589172363 seconds
2024-01-13 12:24:34 AM: INFO - Conver UNIX timestamp to date
2024-01-13 12:24:34 AM: INFO - Reverse Geolocate Lat/Long
2024-01-13 12:24:35 AM: INFO - Time taken by get_data_from_api: 0.8940219879150391 seconds
2024-01-13 12:24:35 AM: INFO - Update ISS data Record
2024-01-13 12:24:35 AM: INFO - Write ISS data to database
2024-01-13 12:32:22 AM: INFO - Fetch ISS data
2024-01-13 12:32:23 AM: INFO - Time taken by get_data_from_api: 0.46097373962402344 seconds
2024-01-13 12:32:23 AM: INFO - Conver UNIX timestamp to date
2024-01-13 12:32:23 AM: INFO - Reverse Geolocate Lat/Long
2024-01-13 12:32:24 AM: INFO - Time taken by get_data_from_api: 0.9401390552520752 seconds
2024-01-13 12:32:24 AM: INFO - Update ISS data Record
2024-01-13 12:32:24 AM: INFO - Write ISS data to database
2024-01-13 12:33:23 AM: INFO - Fetch ISS data
2024-01-13 12:33:23 AM: INFO - Time taken by get_data_from_api: 0.39701104164123535 seconds
2024-01-13 12:33:23 AM: INFO - Conver UNIX timestamp to date
2024-01-13 12:33:23 AM: INFO - Reverse Geolocate Lat/Long
2024-01-13 12:33:23 AM: INFO - Time taken by get_data_from_api: 0.5300421714782715 seconds
2024-01-13 12:33:23 AM: INFO - Update ISS data Record
2024-01-13 12:35:51 AM: INFO - Fetch ISS data
2024-01-13 12:35:52 AM: INFO - Time taken by get_data_from_api: 0.4111349582672119 seconds
2024-01-13 12:35:52 AM: INFO - Conver UNIX timestamp to date
2024-01-13 12:35:52 AM: INFO - Reverse Geolocate Lat/Long
2024-01-13 12:35:53 AM: INFO - Time taken by get_data_from_api: 0.9043459892272949 seconds
2024-01-13 12:35:53 AM: INFO - Update ISS data Record
2024-01-13 12:35:53 AM: INFO - Write ISS data to database
2024-01-13 12:39:11 AM: INFO - Fetch ISS data
2024-01-13 12:39:11 AM: INFO - Time taken by get_data_from_api: 0.44202685356140137 seconds
2024-01-13 12:39:11 AM: INFO - Conver UNIX timestamp to date
2024-01-13 12:39:34 AM: INFO - Fetch ISS data
2024-01-13 12:39:35 AM: INFO - Time taken by get_data_from_api: 0.4577641487121582 seconds
2024-01-13 12:39:35 AM: INFO - Conver UNIX timestamp to date
2024-01-13 12:40:01 AM: INFO - Fetch ISS data
2024-01-13 12:40:01 AM: INFO - Time taken by get_data_from_api: 0.4592268466949463 seconds
2024-01-13 12:40:01 AM: INFO - Conver UNIX timestamp to date
2024-01-13 12:40:01 AM: INFO - Reverse Geolocate Lat/Long
2024-01-13 12:40:02 AM: INFO - Time taken by get_data_from_api: 0.7834110260009766 seconds
2024-01-13 12:40:02 AM: INFO - Update ISS data Record
2024-01-13 12:40:02 AM: INFO - Write ISS data to database
2024-01-13 12:43:38 AM: INFO - Fetch ISS data
2024-01-13 12:43:39 AM: INFO - Time taken by get_data_from_api: 0.391232967376709 seconds
2024-01-13 12:43:39 AM: INFO - Conver UNIX timestamp to date
2024-01-13 12:43:39 AM: INFO - Reverse Geolocate Lat/Long
2024-01-13 12:43:39 AM: INFO - Time taken by get_data_from_api: 0.8726539611816406 seconds
2024-01-13 12:43:39 AM: INFO - Update ISS data Record
2024-01-13 12:43:40 AM: INFO - Write ISS data to database
2024-01-13 12:51:25 AM: INFO - Time taken by get_data_from_api: 0.4865438938140869 seconds
2024-01-13 12:51:40 AM: INFO - Time taken by get_data_from_api: 0.4352431297302246 seconds
2024-01-13 12:51:40 AM: INFO - Conver UNIX timestamp to date
2024-01-13 12:51:40 AM: INFO - Reverse Geolocate Lat/Long
2024-01-13 12:51:41 AM: INFO - Time taken by get_data_from_api: 1.0999689102172852 seconds
2024-01-13 12:51:41 AM: INFO - Update ISS data Record
2024-01-13 12:51:42 AM: INFO - Write ISS data to database
2024-01-13 12:52:26 AM: INFO - Time taken by get_data_from_api: 0.4509902000427246 seconds
2024-01-13 12:52:26 AM: INFO - Conver UNIX timestamp to date
2024-01-13 12:52:26 AM: INFO - Reverse Geolocate Lat/Long
2024-01-13 12:52:27 AM: INFO - Time taken by get_data_from_api: 1.1779091358184814 seconds
2024-01-13 12:52:27 AM: INFO - Update ISS data Record
2024-01-13 12:52:27 AM: INFO - Write ISS data to database
2024-01-13 12:53:24 AM: INFO - Time taken by get_data_from_api: 0.3939478397369385 seconds
2024-01-13 12:53:24 AM: INFO - Conver UNIX timestamp to date
2024-01-13 12:53:24 AM: INFO - Reverse Geolocate Lat/Long
2024-01-13 12:53:25 AM: INFO - Time taken by get_data_from_api: 0.8910789489746094 seconds
2024-01-13 12:53:25 AM: INFO - Update ISS data Record
2024-01-13 12:53:25 AM: INFO - Write ISS data to database
